<?xml version="1.0" encoding="UTF-8"?>
<testng-results ignored="0" total="1" passed="1" failed="0" skipped="0">
  <reporter-output>
  </reporter-output>
  <suite started-at="2020-08-27T13:34:15Z" name="Default suite" finished-at="2020-08-27T13:34:20Z" duration-ms="4531">
    <groups>
    </groups>
    <test started-at="2020-08-27T13:34:15Z" name="Default test" finished-at="2020-08-27T13:34:20Z" duration-ms="4531">
      <class name="Library.LiabraryAPIDynamic">
        <test-method signature="addBook()[pri:0, instance:Library.LiabraryAPIDynamic@6295d394]" started-at="2020-08-27T13:34:15Z" name="addBook" finished-at="2020-08-27T13:34:20Z" duration-ms="4479" status="PASS">
          <reporter-output>
          </reporter-output>
        </test-method> <!-- addBook -->
      </class> <!-- Library.LiabraryAPIDynamic -->
    </test> <!-- Default test -->
  </suite> <!-- Default suite -->
</testng-results>
